Determining if the pthread_create exist failed with the following output:
Change Dir: /home/gianluca/Desktop/Università/Robotica/project_delivery/Robotic_Exercises/Exercise3/build/catkin_tools_prebuild/CMakeFiles/CMakeTmp

Run Build Command:"/usr/bin/make" "cmTC_dc66a/fast"
/usr/bin/make -f CMakeFiles/cmTC_dc66a.dir/build.make CMakeFiles/cmTC_dc66a.dir/build
make[1]: Entering directory '/home/gianluca/Desktop/Università/Robotica/project_delivery/Robotic_Exercises/Exercise3/build/catkin_tools_prebuild/CMakeFiles/CMakeTmp'
Building C object CMakeFiles/cmTC_dc66a.dir/CheckSymbolExists.c.o
/usr/bin/cc    -o CMakeFiles/cmTC_dc66a.dir/CheckSymbolExists.c.o   -c /home/gianluca/Desktop/Università/Robotica/project_delivery/Robotic_Exercises/Exercise3/build/catkin_tools_prebuild/CMakeFiles/CMakeTmp/CheckSymbolExists.c
Linking C executable cmTC_dc66a
/usr/bin/cmake -E cmake_link_script CMakeFiles/cmTC_dc66a.dir/link.txt --verbose=1
/usr/bin/cc      -rdynamic CMakeFiles/cmTC_dc66a.dir/CheckSymbolExists.c.o  -o cmTC_dc66a 
CMakeFiles/cmTC_dc66a.dir/CheckSymbolExists.c.o: In function `main':
CheckSymbolExists.c:(.text+0x1b): undefined reference to `pthread_create'
collect2: error: ld returned 1 exit status
CMakeFiles/cmTC_dc66a.dir/build.make:97: recipe for target 'cmTC_dc66a' failed
make[1]: *** [cmTC_dc66a] Error 1
make[1]: Leaving directory '/home/gianluca/Desktop/Università/Robotica/project_delivery/Robotic_Exercises/Exercise3/build/catkin_tools_prebuild/CMakeFiles/CMakeTmp'
Makefile:126: recipe for target 'cmTC_dc66a/fast' failed
make: *** [cmTC_dc66a/fast] Error 2

File /home/gianluca/Desktop/Università/Robotica/project_delivery/Robotic_Exercises/Exercise3/build/catkin_tools_prebuild/CMakeFiles/CMakeTmp/CheckSymbolExists.c:
/* */
#include <pthread.h>

int main(int argc, char** argv)
{
  (void)argv;
#ifndef pthread_create
  return ((int*)(&pthread_create))[argc];
#else
  (void)argc;
  return 0;
#endif
}

Determining if the function pthread_create exists in the pthreads failed with the following output:
Change Dir: /home/gianluca/Desktop/Università/Robotica/project_delivery/Robotic_Exercises/Exercise3/build/catkin_tools_prebuild/CMakeFiles/CMakeTmp

Run Build Command:"/usr/bin/make" "cmTC_f6bd2/fast"
/usr/bin/make -f CMakeFiles/cmTC_f6bd2.dir/build.make CMakeFiles/cmTC_f6bd2.dir/build
make[1]: Entering directory '/home/gianluca/Desktop/Università/Robotica/project_delivery/Robotic_Exercises/Exercise3/build/catkin_tools_prebuild/CMakeFiles/CMakeTmp'
Building C object CMakeFiles/cmTC_f6bd2.dir/CheckFunctionExists.c.o
/usr/bin/cc   -DCHECK_FUNCTION_EXISTS=pthread_create   -o CMakeFiles/cmTC_f6bd2.dir/CheckFunctionExists.c.o   -c /usr/share/cmake-3.10/Modules/CheckFunctionExists.c
Linking C executable cmTC_f6bd2
/usr/bin/cmake -E cmake_link_script CMakeFiles/cmTC_f6bd2.dir/link.txt --verbose=1
/usr/bin/cc  -DCHECK_FUNCTION_EXISTS=pthread_create    -rdynamic CMakeFiles/cmTC_f6bd2.dir/CheckFunctionExists.c.o  -o cmTC_f6bd2 -lpthreads 
/usr/bin/ld: cannot find -lpthreads
collect2: error: ld returned 1 exit status
CMakeFiles/cmTC_f6bd2.dir/build.make:97: recipe for target 'cmTC_f6bd2' failed
make[1]: *** [cmTC_f6bd2] Error 1
make[1]: Leaving directory '/home/gianluca/Desktop/Università/Robotica/project_delivery/Robotic_Exercises/Exercise3/build/catkin_tools_prebuild/CMakeFiles/CMakeTmp'
Makefile:126: recipe for target 'cmTC_f6bd2/fast' failed
make: *** [cmTC_f6bd2/fast] Error 2


