Determining if the pthread_create exist failed with the following output:
Change Dir: /home/gianluca/Desktop/Università/Robotica/project_delivery/Robotic_Exercises/Exercise3/build/forward_kinematics/CMakeFiles/CMakeTmp

Run Build Command:"/usr/bin/make" "cmTC_ba544/fast"
/usr/bin/make -f CMakeFiles/cmTC_ba544.dir/build.make CMakeFiles/cmTC_ba544.dir/build
make[1]: Entering directory '/home/gianluca/Desktop/Università/Robotica/project_delivery/Robotic_Exercises/Exercise3/build/forward_kinematics/CMakeFiles/CMakeTmp'
Building C object CMakeFiles/cmTC_ba544.dir/CheckSymbolExists.c.o
/usr/bin/cc    -o CMakeFiles/cmTC_ba544.dir/CheckSymbolExists.c.o   -c /home/gianluca/Desktop/Università/Robotica/project_delivery/Robotic_Exercises/Exercise3/build/forward_kinematics/CMakeFiles/CMakeTmp/CheckSymbolExists.c
Linking C executable cmTC_ba544
/usr/bin/cmake -E cmake_link_script CMakeFiles/cmTC_ba544.dir/link.txt --verbose=1
/usr/bin/cc      -rdynamic CMakeFiles/cmTC_ba544.dir/CheckSymbolExists.c.o  -o cmTC_ba544 
CMakeFiles/cmTC_ba544.dir/CheckSymbolExists.c.o: In function `main':
CheckSymbolExists.c:(.text+0x1b): undefined reference to `pthread_create'
collect2: error: ld returned 1 exit status
CMakeFiles/cmTC_ba544.dir/build.make:97: recipe for target 'cmTC_ba544' failed
make[1]: *** [cmTC_ba544] Error 1
make[1]: Leaving directory '/home/gianluca/Desktop/Università/Robotica/project_delivery/Robotic_Exercises/Exercise3/build/forward_kinematics/CMakeFiles/CMakeTmp'
Makefile:126: recipe for target 'cmTC_ba544/fast' failed
make: *** [cmTC_ba544/fast] Error 2

File /home/gianluca/Desktop/Università/Robotica/project_delivery/Robotic_Exercises/Exercise3/build/forward_kinematics/CMakeFiles/CMakeTmp/CheckSymbolExists.c:
/* */
#include <pthread.h>

int main(int argc, char** argv)
{
  (void)argv;
#ifndef pthread_create
  return ((int*)(&pthread_create))[argc];
#else
  (void)argc;
  return 0;
#endif
}

Determining if the function pthread_create exists in the pthreads failed with the following output:
Change Dir: /home/gianluca/Desktop/Università/Robotica/project_delivery/Robotic_Exercises/Exercise3/build/forward_kinematics/CMakeFiles/CMakeTmp

Run Build Command:"/usr/bin/make" "cmTC_41d07/fast"
/usr/bin/make -f CMakeFiles/cmTC_41d07.dir/build.make CMakeFiles/cmTC_41d07.dir/build
make[1]: Entering directory '/home/gianluca/Desktop/Università/Robotica/project_delivery/Robotic_Exercises/Exercise3/build/forward_kinematics/CMakeFiles/CMakeTmp'
Building C object CMakeFiles/cmTC_41d07.dir/CheckFunctionExists.c.o
/usr/bin/cc   -DCHECK_FUNCTION_EXISTS=pthread_create   -o CMakeFiles/cmTC_41d07.dir/CheckFunctionExists.c.o   -c /usr/share/cmake-3.10/Modules/CheckFunctionExists.c
Linking C executable cmTC_41d07
/usr/bin/cmake -E cmake_link_script CMakeFiles/cmTC_41d07.dir/link.txt --verbose=1
/usr/bin/cc  -DCHECK_FUNCTION_EXISTS=pthread_create    -rdynamic CMakeFiles/cmTC_41d07.dir/CheckFunctionExists.c.o  -o cmTC_41d07 -lpthreads 
/usr/bin/ld: cannot find -lpthreads
collect2: error: ld returned 1 exit status
CMakeFiles/cmTC_41d07.dir/build.make:97: recipe for target 'cmTC_41d07' failed
make[1]: *** [cmTC_41d07] Error 1
make[1]: Leaving directory '/home/gianluca/Desktop/Università/Robotica/project_delivery/Robotic_Exercises/Exercise3/build/forward_kinematics/CMakeFiles/CMakeTmp'
Makefile:126: recipe for target 'cmTC_41d07/fast' failed
make: *** [cmTC_41d07/fast] Error 2


